<properties>
file=labs-config-cuda.xml
computation.title = LABS101-GPU-tabu-iter128-cache25
labs.emas.die-energy-threshold = 0
labs.emas.improvement = pl.edu.agh.age.compute.labs.improvement.LabsCrossStepSawSearch
labs.emas.improvement.cache-size = 1000000
labs.emas.improvement.iterations = 128
labs.emas.improvement.use-fast-flip = true
labs.emas.mutation = pl.edu.agh.age.compute.labs.mutation.LabsClassicMutation
labs.emas.mutation.bits-to-mutate-percentage = 0.25
labs.emas.recombination = pl.edu.agh.age.compute.labs.recombination.LabsUniformRecombination
labs.emas.reproduction-predicate = energyAboveThreshold
labs.emas.reproduction-predicate-value = 35
labs.emas.transfer.asexual-energy-transfer = proportional
labs.emas.transfer.asexual-energy-transfer-value = 0.25
labs.emas.transfer.fight-energy-transfer = constant
labs.emas.transfer.fight-energy-transfer-value = 5.0
labs.emas.transfer.sexual-energy-transfer = proportional
labs.emas.transfer.sexual-energy-transfer-value = 0.25
labs.islands.count = 100
labs.migration.part-to-migrate = 0.05
labs.migration.steps-interval = 1000
labs.migration.strategy = HIGHEST_FITNESS_PROBABILISTIC
labs.migration.topology = pl.edu.agh.age.compute.api.topology.UniRingTopology
labs.migration.workplaces.count = 1
labs.population.evaluator = pl.edu.agh.age.compute.labs.cuda.LabsCudaPopulationEvaluatorAsync
labs.population.evaluator.cuda.filepath = ../compute-labs/src/main/resources/pl/edu/agh/age/compute/labs/cuda/tabu.cu
labs.population.initial-energy = 40
labs.population.size = 75
labs.problem.cuda.awaitLimitInMicroS = 50
labs.problem.cuda.cacheSize = 25
labs.problem.cuda.threads = 128
labs.problem.cuda.useCache = true
labs.problem.logging-interval-in-ms = 5000
labs.problem.modify-solution = true
labs.problem.size = 101
labs.problem.stop-condition-in-seconds = 1200
labs.workplaces.count = 1
</properties>
[PD];LABS;101;runLengthFormat
[WH];TIME;WORKPLACE_ID;POPULATION_SIZE;AVERAGE_FITNESS;STEP_NUMBER;ENERGY_SUM
[SH];TIME;BEST_SOLUTION_SO_FAR;FITNESS_EVALUATIONS
[BH];SOLUTION_STRING;SOLUTION_WORKPLACE_ID;SOLUTION_WORKPLACE_STEP_NUMBER;SOLUTION_OCURRANCE_COUNT
[W];5011908321;0;102;4.602639122067143;4950;2440.3877146956597
[S];5011908321;5.97248243559719;1088075
[W];10010190525;0;83;4.6063124325421345;9904;1971.4071991685828
[S];10010190525;5.97248243559719;2172875
[W];15009068516;0;100;4.602026292202533;14949;2458.0884115999265
[S];15009068516;5.97248243559719;3264075
[W];20007953928;0;102;4.619302617802337;19877;2486.4745980098223
[S];20007953928;6.145180722891566;4345675
[W];25006412982;0;98;4.631368244227857;25022;2426.4401317910238
[S];25006412982;6.145180722891566;5449675
[W];30005566142;0;102;4.61288617498353;29869;2504.1991169979524
[S];30005566142;6.145180722891566;6505675
[W];35004758877;0;100;4.622154632095376;35074;2502.3135696441004
[S];35004758877;6.145180722891566;7628875
[W];40002978008;0;105;4.604623708804642;40200;2479.1893053776025
[S];40002978008;6.145180722891566;8732875
[W];45001931439;0;101;4.613010667183516;45009;2475.7098111606915
[S];45001931439;6.145180722891566;9788875
[W];50001032348;0;103;4.593670675999626;50189;2514.668327541788
[S];50001032348;6.145180722891566;10908875
[W];55004580481;0;79;4.58126691340131;55216;2010.2495476070956
[S];55004580481;6.145180722891566;12000075
[W];60005444325;0;85;4.620895320837479;60222;2211.877901563729
[S];60005444325;6.145180722891566;13094475
[W];65004168655;0;88;4.611436415349112;65043;2147.115335532871
[S];65004168655;6.145180722891566;14156875
[W];70000395749;0;75;4.566015477310485;70206;1949.4759972388208
[S];70000395749;6.145180722891566;15273675
[W];75010399530;0;100;4.594737116364004;75136;2530.942915816798
[S];75010399530;6.145180722891566;16345675
[W];80010034699;0;100;4.565687077561226;80356;2421.1019318185986
[S];80010034699;6.145180722891566;17465675
[W];85008020710;0;97;4.6228992862234675;85237;2462.289285029468
[S];85008020710;6.145180722891566;18528075
[W];90009393772;0;104;4.617297423996492;90329;2513.6041013825666
[S];90009393772;6.145180722891566;19644875
[W];95005605717;0;102;4.6322512184088716;95273;2418.0439276810926
[S];95005605717;6.658616187989556;20723275
[W];100005251707;0;98;4.601273677704075;100117;2433.391000586397
[S];100005251707;6.658616187989556;21795275
[W];105003280385;0;102;4.614866507698651;105193;2457.250225660793
[S];105003280385;6.658616187989556;22886475
[W];110002335226;0;100;4.583046636190778;109941;2522.3048931795433
[S];110002335226;6.658616187989556;23932875
[W];115000836947;0;96;4.551559970214776;114711;2424.315402747394
[S];115000836947;6.658616187989556;24979275
[W];120006356093;0;85;4.588852382195505;119490;2159.4074697731644
[S];120006356093;6.658616187989556;26032075
[W];125003050356;0;83;4.597522701708055;124533;2040.2479024592485
[S];125003050356;6.658616187989556;27132875
[W];130002168888;0;80;4.593586533039326;129427;2015.0683067418126
[S];130002168888;6.658616187989556;28192075
[W];135001804366;0;88;4.671351420565802;134345;2204.8861037485767
[S];135001804366;6.658616187989556;29267275
[W];140010834854;0;98;4.5689374260609705;139291;2463.9832871856697
[S];140010834854;6.658616187989556;30339275
[W];145009629985;0;98;4.5991973910985005;144424;2508.1649693390996
[S];145009629985;6.658616187989556;31449675
[W];150008543222;0;101;4.611487058652614;149407;2509.8992187473823
[S];150008543222;6.658616187989556;32531275
[W];155001167768;0;83;4.6013179008719485;154307;2024.5194182983853
[S];155001167768;6.658616187989556;33606475
[W];160006034856;0;75;4.610382739327058;159251;1980.8712771571911
[S];160006034856;6.658616187989556;34684875
[W];165007918372;0;102;4.5611582431322875;164193;2444.6870409813664
[S];165007918372;6.658616187989556;35763275
[W];170003747244;0;99;4.58554165721992;169194;2444.9477583192097
[S];170003747244;6.658616187989556;36838475
[W];175002445912;0;101;4.583524092011366;174294;2517.1049055087356
[S];175002445912;6.658616187989556;37929675
[W];180003382105;0;98;4.601101246167965;179303;2452.2302920056377
[S];180003382105;6.658616187989556;39017675
[W];185006899629;0;82;4.661729445744953;184197;2049.825464847833
[S];185006899629;6.658616187989556;40099275
[W];190003439921;0;74;4.644639696318358;189126;1927.0084723564412
[S];190003439921;6.658616187989556;41171275
[W];195003497119;0;79;4.613400111950041;194262;2111.3641530037776
[S];195003497119;6.658616187989556;42275275
[W];200001383574;0;83;4.614756733961472;199239;2142.751091465705
[S];200001383574;6.658616187989556;43353675
[W];205012088263;0;107;4.593777541307846;204252;2474.9335488303964
[S];205012088263;6.658616187989556;44444875
[W];210011801346;0;102;4.590681857710613;209178;2477.467875127622
[S];210011801346;6.658616187989556;45520075
[W];215008699976;0;102;4.645151912739382;214310;2520.101279365047
[S];215008699976;6.658616187989556;46633675
[W];220009561656;0;95;4.5640235834852065;219195;2413.5811222829775
[S];220009561656;6.658616187989556;47696075
[W];225006291475;0;103;4.612897716416559;224129;2510.488349618989
[S];225006291475;6.658616187989556;48771275
[W];230005277060;0;104;4.630271530149197;229217;2467.9413804558058
[S];230005277060;6.658616187989556;49868875
[W];235004009737;0;99;4.596821851455366;234298;2477.452322203855
[S];235004009737;6.658616187989556;50969675
[W];240002726646;0;95;4.595612239867046;239331;2462.325683782869
[S];240002726646;6.658616187989556;52064075
[W];245001611439;0;96;4.618982693486034;244385;2398.392626252284
[S];245001611439;6.658616187989556;53158475
[W];250004875746;0;78;4.630649306220097;249178;1954.319693579844
[S];250004875746;6.658616187989556;54220875
[W];255004685910;0;76;4.621470241903508;253888;2030.6239888284367
[S];255004685910;6.658616187989556;55264075
[W];260003362008;0;82;4.623880179050896;259025;2124.7371751609016
[S];260003362008;6.658616187989556;56384075
[W];265001370898;0;79;4.5893331943402496;264034;1944.8601014969843
[S];265001370898;6.658616187989556;57462475
[W];270000864464;0;85;4.586739044678772;269055;2098.975389537818
[S];270000864464;6.658616187989556;58553675
[W];275011131047;0;94;4.592668899497709;274079;2446.8706816286126
[S];275011131047;6.658616187989556;59648075
[W];280009075937;0;102;4.615912976447167;279112;2433.5376214575595
[S];280009075937;6.658616187989556;60726475
[W];285007949599;0;95;4.5918981897482585;283981;2493.4211415153936
[S];285007949599;6.658616187989556;61795275
[W];290006676711;0;99;4.602059354476922;289102;2438.980345478823
[S];290006676711;6.658616187989556;62892875
[W];295005510799;0;104;4.563787277348328;294187;2477.426268888341
[S];295005510799;6.658616187989556;64006475
[W];300006921271;0;98;4.565159325347857;299157;2429.0805019438453
[S];300006921271;6.658616187989556;65091275
[W];305005314161;0;92;4.607857588526791;304023;2456.369334079562
[S];305005314161;6.658616187989556;66150475
[W];310002026666;0;104;4.598391377879661;308888;2428.9001533699357
[S];310002026666;6.658616187989556;67209675
[W];315001069449;0;97;4.581838439911875;313885;2475.2086607088245
[S];315001069449;6.658616187989556;68304075
[W];320005146277;0;86;4.605545798735646;318857;2144.2122677764455
[S];320005146277;6.658616187989556;69388875
[W];325002646569;0;77;4.656589574170951;323915;1961.9953051268014
[S];325002646569;6.658616187989556;70486475
[W];330002562781;0;83;4.597450495987694;329047;2113.830167307504
[S];330002562781;6.658616187989556;71593675
[W];335001258975;0;90;4.597215390863858;334233;2162.8645129621846
[S];335001258975;6.658616187989556;72704075
[W];340011397558;0;97;4.59522304569877;339178;2436.6373014560468
[S];340011397558;6.658616187989556;73772875
[W];345011502679;0;101;4.599079916798862;344400;2453.282439520939
[S];345011502679;6.658616187989556;74886475
[W];350009258352;0;101;4.581017724512008;349199;2448.069633421481
[S];350009258352;6.658616187989556;75942475
[W];355008275473;0;98;4.603371985065793;354313;2439.2926717738674
[S];355008275473;6.658616187989556;77040075
[W];360006608383;0;80;4.610151419021145;359034;2054.477357483647
[S];360006608383;6.658616187989556;78080075
[W];365006880769;0;98;4.627676666109829;364048;2350.4475720845558
[S];365006880769;6.658616187989556;79168075
[W];370003205564;0;71;4.614783141491056;369072;1923.3354350117343
[S];370003205564;6.658616187989556;80259275
[W];375003673969;0;98;4.630616541695141;374197;2434.2952231065524
[S];375003673969;6.658616187989556;81366475
[W];380002212173;0;98;4.585318184419227;379207;2414.935027677243
[S];380002212173;6.658616187989556;82448075
[W];385004394046;0;77;4.606965383034095;383987;1982.8448542254766
[S];385004394046;6.658616187989556;83500875
[W];390005028171;0;82;4.625237956196358;389128;2003.7077103242832
[S];390005028171;6.658616187989556;84617675
[W];395005702490;0;90;4.615762127265601;394005;2213.5785765412843
[S];395005702490;6.658616187989556;85689675
[W];400000902802;0;80;4.603133973986089;398887;2014.3723159716453
[S];400000902802;6.658616187989556;86748875
[W];405001965758;0;83;4.5886296605503665;403691;2124.5895803008834
[S];405001965758;6.658616187989556;87811275
[W];410012518331;0;99;4.608727453308939;408698;2396.7147045971433
[S];410012518331;6.658616187989556;88896075
[W];415009590101;0;101;4.622109012342955;413853;2440.138918634574
[S];415009590101;6.658616187989556;90016075
[W];420009196207;0;99;4.619608331723052;418815;2449.6905379801665
[S];420009196207;6.658616187989556;91094475
[W];425006331668;0;97;4.593271125310413;423774;2474.2786059535265
[S];425006331668;6.658616187989556;92169675
[W];430004973447;0;97;4.608849902779977;428786;2514.4858132952127
[S];430004973447;6.658616187989556;93260875
[W];435005401659;0;98;4.5621012363543105;433804;2424.306166126195
[S];435005401659;6.658616187989556;94348875
[W];440004802162;0;98;4.611815874861552;438828;2443.5844253199284
[S];440004802162;6.658616187989556;95443275
[W];445001566917;0;79;4.598593700010273;443778;1959.2661255730613
[S];445001566917;6.658616187989556;96528075
[W];450001604328;0;99;4.6206656415489755;448661;2450.4744729753584
[S];450001604328;6.658616187989556;97584075
[W];455004764442;0;81;4.594639204730301;453768;2045.203625931729
[S];455004764442;6.658616187989556;98688075
[W];460002475593;0;73;4.628286458590359;458886;1941.135716310624
[S];460002475593;6.658616187989556;99798475
[W];465002686453;0;83;4.620597020621586;463655;2084.6256754935202
[S];465002686453;6.658616187989556;100851275
[W];470002828984;0;82;4.651079341012972;468712;2106.435673030605
[S];470002828984;6.658616187989556;101948875
[W];475010811047;0;100;4.601123359583304;473850;2429.4591593430077
[S];475010811047;6.658616187989556;103046475
[W];480008840343;0;95;4.609113622808093;478945;2451.6205550363597
[S];480008840343;6.658616187989556;104147275
[W];485008477058;0;102;4.586970231029983;483777;2456.467079654802
[S];485008477058;6.658616187989556;105203275
[W];490006319301;0;104;4.564083298817052;488950;2497.770270781673
[S];490006319301;6.658616187989556;106329675
[W];495005174722;0;102;4.582824439180006;493923;2501.495857382083
[S];495005174722;6.658616187989556;107398475
[W];500004832461;0;97;4.627671668496034;499152;2409.530281209611
[S];500004832461;6.658616187989556;108518475
[W];505002836714;0;100;4.649932059889574;504315;2480.039673452311
[S];505002836714;6.658616187989556;109628875
[W];510003441776;0;102;4.6565827178336345;509227;2506.7787163078433
[S];510003441776;6.658616187989556;110697675
[W];515001718106;0;99;4.576123654128744;514206;2416.103653191909
[S];515001718106;6.658616187989556;111772875
[W];520003881428;0;76;4.600102487214647;519226;2022.1974959172082
[S];520003881428;6.658616187989556;112860875
[W];525002548559;0;79;4.607269572038735;524119;2071.7328189177288
[S];525002548559;6.658616187989556;113932875
[W];530004495766;0;81;4.598669941477534;529063;2161.4995518158144
[S];530004495766;6.658616187989556;115008075
[W];535012723316;0;103;4.605743917843459;534113;2469.95054846682
[S];535012723316;6.658616187989556;116086475
[W];540011342525;0;81;4.604188317774032;539163;2013.4069107584373
[S];540011342525;6.658616187989556;117174475
[W];545009277830;0;94;4.585197650007997;544227;2453.1874579877244
[S];545009277830;6.658616187989556;118268875
[W];550009075009;0;100;4.605846005151937;549190;2463.031119661432
[S];550009075009;6.658616187989556;119350475
[W];555009148903;0;99;4.628235891584931;554128;2453.3038296483965
[S];555009148903;6.658616187989556;120432075
[W];560006869020;0;94;4.602652285321556;559241;2433.2133132923927
[S];560006869020;6.658616187989556;121536075
[W];565006197175;0;99;4.594409548459034;564400;2406.5581419641485
[S];565006197175;6.658616187989556;122649675
[W];570003327071;0;102;4.596111214580866;569597;2488.169576236637
[S];570003327071;6.658616187989556;123763275
[W];575002425197;0;100;4.598650267803749;574522;2500.8890110114235
[S];575002425197;6.658616187989556;124828875
[W];580000935265;0;78;4.625108299101598;579504;2046.2378931528813
[S];580000935265;6.658616187989556;125913675
[W];585004956751;0;85;4.588178880903207;584229;2179.042881447113
[S];585004956751;6.658616187989556;126966475
[W];590003065197;0;79;4.58328871487756;589291;1953.734992927947
[S];590003065197;6.658616187989556;128080075
[W];595002651825;0;81;4.60489862141928;594254;2027.1879239503191
[S];595002651825;6.658616187989556;129155275
[W];600000813449;0;76;4.627941041915753;599248;1958.7425537951501
[S];600000813449;6.658616187989556;130230475
[W];605010633578;0;95;4.602192496438969;604448;2449.0747216670525
[S];605010633578;6.658616187989556;131353675
[W];610009383260;0;76;4.620775544998404;609527;1959.2775928868957
[S];610009383260;6.658616187989556;132454475
[W];615010252670;0;95;4.5929293930342645;614451;2347.7947585383213
[S];615010252670;6.658616187989556;133536075
[W];620008251048;0;101;4.5765454866806445;619542;2503.2009938982087
[S];620008251048;6.658616187989556;134636875
[W];625007328460;0;75;4.6655933860198955;624371;1924.6726311643813
[S];625007328460;6.658616187989556;135696075
[W];630004764442;0;107;4.623855777142247;629392;2495.9748771386326
[S];630004764442;6.658616187989556;136784075
[W];635004709099;0;103;4.576090080885115;634457;2491.0741379748833
[S];635004709099;6.658616187989556;137868875
[W];640002203207;0;78;4.600796788479285;639477;2034.2077479825134
[S];640002203207;6.658616187989556;138963275
[W];645001146744;0;101;4.655537514971282;644630;2484.8275635880486
[S];645001146744;6.658616187989556;140080075
[W];650005382799;0;88;4.587387375063996;649609;2153.1855930096926
[S];650005382799;6.658616187989556;141152075
[W];655003096733;0;77;4.625560872686969;654557;1947.2758902294909
[S];655003096733;6.658616187989556;142233675
[W];660004540906;0;88;4.647399677576629;659449;2213.715455990044
[S];660004540906;6.658616187989556;143305675
[W];665002209390;0;81;4.6193325423847575;664396;2004.49421036676
[S];665002209390;6.658616187989556;144387275
[W];670012206988;0;100;4.558132257570423;669391;2419.0294023899937
[S];670012206988;6.658616187989556;145475275
[W];675010161463;0;102;4.614923331494013;674434;2513.756957315007
[S];675010161463;6.658616187989556;146560075
[W];680012378582;0;95;4.622612312927962;679395;2420.7634539291594
[S];680012378582;6.658616187989556;147651275
[W];685008396671;0;96;4.640105279447775;684549;2390.640597474937
[S];685008396671;6.658616187989556;148764875
[W];690007948672;0;93;4.599324541955991;689406;2400.7609437071405
[S];690007948672;6.658616187989556;149814475
[W];695006353001;0;102;4.570739298396823;694461;2439.8017693022425
[S];695006353001;6.658616187989556;150905675
[W];700005166992;0;99;4.5792251587545545;699504;2469.1178542231114
[S];700005166992;6.658616187989556;152000075
[W];705004185969;0;96;4.597139809470373;704344;2419.4463116909883
[S];705004185969;6.658616187989556;153062475
[W];710001619168;0;97;4.6040374997416755;709382;2487.869228054181
[S];710001619168;6.658616187989556;154153675
[W];715001858163;0;102;4.629351512081475;714263;2416.564809035602
[S];715001858163;6.658616187989556;155225675
[W];720003714162;0;75;4.63551251940776;719382;1938.4227275792457
[S];720003714162;6.658616187989556;156332875
[W];725005083823;0;87;4.587778191869539;724330;2205.1162688393388
[S];725005083823;6.658616187989556;157401675
[W];730001255265;0;79;4.60895849824231;729378;1974.7187563516275
[S];730001255265;6.658616187989556;158499275
[W];735011201848;0;100;4.605138606677434;734368;2485.5852181762393
[S];735011201848;6.658616187989556;159590475
[W];740010171666;0;106;4.571579845569827;739559;2525.33032029613
[S];740010171666;6.658616187989556;160713675
[W];745009645134;0;103;4.594647759480287;744561;2423.933975355394
[S];745009645134;6.658616187989556;161795275
[W];750001290821;0;85;4.609245601740104;749556;2021.4262322459492
[S];750001290821;6.658616187989556;162883275
[W];755006630334;0;93;4.600557266333374;754496;2471.4546261773407
[S];755006630334;6.658616187989556;163955275
[W];760006139977;0;101;4.6064916034324925;759471;2429.667914454197
[S];760006139977;6.658616187989556;165033675
[W];765008082546;0;103;4.57098713309771;764569;2458.9601073942026
[S];765008082546;6.658616187989556;166128075
[W];770002990375;0;100;4.606285907517;769752;2468.8539717226495
[S];770002990375;6.658616187989556;167248075
[W];775002728810;0;106;4.60626040120631;774833;2468.1029717801794
[S];775002728810;6.658616187989556;168348875
[W];780001602164;0;103;4.563656251164524;779760;2422.9425951504068
[S];780001602164;6.658616187989556;169427275
[W];785003840307;0;76;4.638625613607365;784847;2014.2107722607204
[S];785003840307;6.658616187989556;170537675
[W];790002711805;0;71;4.611009987154793;789823;1910.2451468146637
[S];790002711805;6.658616187989556;171619275
[W];795002546086;0;86;4.628950867319569;794751;2111.38572928756
[S];795002546086;6.658616187989556;172700875
[W];800001642666;0;85;4.542080323411916;799799;2058.437932256543
[S];800001642666;6.658616187989556;173804875
[W];805011785887;0;102;4.621435737739584;804714;2357.7307975683707
[S];805011785887;6.658616187989556;174870475
[W];810009518062;0;102;4.574985020558846;809811;2501.0228888417832
[S];810009518062;6.658616187989556;175974475
[W];815008270836;0;99;4.570541162859256;814972;2512.9843556758524
[S];815008270836;6.658616187989556;177091275
[W];820006907977;0;99;4.598535386658924;819879;2467.5544199051697
[S];820006907977;6.658616187989556;178166475
[W];825007395242;0;97;4.596201272632589;824948;2405.036009865231
[S];825007395242;6.658616187989556;179270475
[W];830008407802;0;97;4.596698937937344;830018;2384.0431706361305
[S];830008407802;6.658616187989556;180361675
[W];835003662220;0;98;4.596076325591309;834969;2445.6882082970455
[S];835003662220;6.658616187989556;181430475
[W];840002350994;0;101;4.584491964684749;839956;2466.4561064317318
[S];840002350994;6.658616187989556;182515275
[W];845003992732;0;93;4.596434181817506;845018;2383.4476143977417
[S];845003992732;6.658616187989556;183625675
[W];850004949949;0;76;4.558693878581054;849802;1979.045098875406
[S];850004949949;6.658616187989556;184688075
[W];855005272731;0;87;4.564059271065092;854684;2131.30682684513
[S];855005272731;6.658616187989556;185753675
[W];860001847342;0;81;4.621994783470859;859590;2025.520901573347
[S];860001847342;6.658616187989556;186819275
[W];865000710493;0;78;4.594646428435796;864492;1933.8573069430772
[S];865000710493;6.658616187989556;187888075
[W];870010683974;0;81;4.595714629906267;869607;2055.3450727250674
[S];870010683974;6.658616187989556;188992075
[W];875009749946;0;81;4.592042550228632;874921;2084.2776887600808
[S];875009749946;6.658616187989556;190134475
[W];880008287222;0;81;4.62639627704347;879996;1953.7804557132283
[S];880008287222;6.658616187989556;191235275
[W];885007177890;0;106;4.577469537179982;884960;2465.07772654753
[S];885007177890;6.658616187989556;192313675
[W];890006014142;0;93;4.633018693628624;889965;2410.686134595256
[S];890006014142;6.658616187989556;193398475
[W];895005543572;0;99;4.605704123656834;894853;2465.1476626882077
[S];895005543572;6.658616187989556;194473675
[W];900008653290;0;82;4.63494656943273;900194;2022.25348944093
[S];900008653290;6.658616187989556;195600075
[W];905002358105;0;100;4.59447357792546;905598;2477.36144108328
[S];905002358105;6.658616187989556;196742475
[W];910003314704;0;94;4.6181329421463895;910860;2383.5175466830274
[S];910003314704;6.658616187989556;197852875
[W];915001607420;0;101;4.56178683218548;915911;2396.1956588236253
[S];915001607420;6.658616187989556;198947275
[W];920003592655;0;82;4.582146002467996;920978;1985.7464322760673
[S];920003592655;6.658616187989556;200035275
[W];925002278028;0;84;4.605578911287556;926158;2046.7823952567105
[S];925002278028;6.658616187989556;201148875
[W];930001209198;0;83;4.608401521780374;931120;2128.735314579236
[S];930001209198;6.658616187989556;202217675
[W];935011218544;0;98;4.61455667278235;936102;2509.0020254920937
[S];935011218544;6.658616187989556;203286475
[W];940009994506;0;78;4.58905990165528;941245;1996.7165424963891
[S];940009994506;6.658616187989556;204393675
[W];945002553506;0;80;4.61141165299038;946444;2029.244373496834
[S];945002553506;6.658616187989556;205523275
[W];950009693366;0;106;4.606186936684881;951570;2480.2050024274586
[S];950009693366;6.658616187989556;206627275
[W];955007363397;0;97;4.5964180539485;956613;2431.426121691514
[S];955007363397;6.658616187989556;207728075
[W];960005579127;0;103;4.6136023748270585;961465;2506.135931724522
[S];960005579127;6.658616187989556;208777675
[W];965005463185;0;102;4.614727774743982;966678;2421.849285682628
[S];965005463185;6.658616187989556;209897675
[W];970002902569;0;76;4.6392099996362335;971766;1973.7416490403712
[S];970002902569;6.658616187989556;211008075
[W];975001655651;0;85;4.590210083737018;976570;1955.2462522323362
[S];975001655651;6.658616187989556;212064075
[W];980000603826;0;92;4.60520778394824;981523;2462.3610101929353
[S];980000603826;6.658616187989556;213123275
[W];985003685409;0;75;4.59345740038028;986446;1967.564059744933
[S];985003685409;6.658616187989556;214182475
[W];990003745698;0;77;4.58062587373061;991493;1952.5401088991853
[S];990003745698;6.658616187989556;215280075
[W];995002122820;0;82;4.574022420836404;996596;2185.353380817548
[S];995002122820;6.658616187989556;216377675
[W];1000011242351;0;103;4.6215538933068645;1001674;2431.6748679436732
[S];1000011242351;6.658616187989556;217465675
[W];1005003585235;0;86;4.619205133546875;1006619;2083.9320261656376
[S];1005003585235;6.658616187989556;218528075
[W];1010008942062;0;100;4.595492124237112;1011675;2445.8677525131698
[S];1010008942062;6.658616187989556;219603275
[W];1015007817271;0;97;4.579797691312159;1016638;2393.3166616897934
[S];1015007817271;6.658616187989556;220678475
[W];1020009588246;0;94;4.616104289310733;1021868;2324.8648107782037
[S];1020009588246;6.658616187989556;221801675
[W];1025005426393;0;80;4.576397994171536;1026845;1920.867329300678
[S];1025005426393;6.658616187989556;222889675
[W];1030005542644;0;102;4.613372503098382;1031898;2495.3796283162224
[S];1030005542644;6.658616187989556;223987275
[W];1035003159805;0;106;4.543160374717072;1036809;2457.803044558638
[S];1035003159805;6.658616187989556;225040075
[W];1040001936076;0;74;4.609350633749184;1041956;1949.657431081937
[S];1040001936076;6.658616187989556;226156875
[W];1045001579594;0;105;4.599837941985934;1047260;2420.8989157271217
[S];1045001579594;6.658616187989556;227286475
[W];1050004857814;0;89;4.660142140254792;1052263;2183.7627345628134
[S];1050004857814;6.658616187989556;228374475
[W];1055003179902;0;80;4.595579467912591;1057183;2042.7102365436765
[S];1055003179902;6.658616187989556;229430475
[W];1060002776424;0;74;4.623387104936685;1062189;2065.6060252410675
[S];1060002776424;6.658616187989556;230518475
[W];1065001549294;0;79;4.626818312028425;1067151;2005.554849379551
[S];1065001549294;6.658616187989556;231587275
[W];1070011989326;0;104;4.612894566861612;1072480;2481.8659345669853
[S];1070011989326;6.658616187989556;232720075
[W];1075010571743;0;98;4.631617864429591;1077756;2363.935883094279
[S];1075010571743;6.658616187989556;233836875
[W];1080008653908;0;101;4.605194801258982;1082965;2483.950635467144
[S];1080008653908;6.658616187989556;234960075
[W];1085008319686;0;98;4.585737565267924;1088032;2455.1264972307745
[S];1085008319686;6.658616187989556;236067275
[W];1090006084016;0;101;4.592396004236986;1093245;2535.2678319910146
[S];1090006084016;6.658616187989556;237187275
[W];1095004816693;0;96;4.595118059388054;1098474;2419.860225221708
[S];1095004816693;6.658616187989556;238310475
[W];1100005315089;0;97;4.641504983219085;1103610;2465.8225378224483
[S];1100005315089;6.658616187989556;239417675
[W];1105003547515;0;97;4.598106799189629;1108720;2403.5029869529762
[S];1105003547515;6.658616187989556;240518475
[W];1110006402161;0;95;4.6295214030183836;1113877;2346.969338874349
[S];1110006402161;6.658616187989556;241628875
[W];1115001194666;0;93;4.60740516478203;1118972;2306.129069147931
[S];1115001194666;6.658616187989556;242716875
[W];1120003901834;0;80;4.612102917747777;1124013;1999.492048561572
[S];1120003901834;6.658616187989556;243801675
[W];1125002057893;0;83;4.609098134376844;1129179;2074.7378017510714
[S];1125002057893;6.658616187989556;244912075
[W];1130001222801;0;79;4.5831817251556535;1134245;2031.6369817565353
[S];1130001222801;6.658616187989556;246009675
[W];1135010720148;0;101;4.567738117644524;1139415;2418.5530233292843
[S];1135010720148;6.658616187989556;247120075
[W];1140009634622;0;74;4.6009765777801785;1144386;2006.721457008188
[S];1140009634622;6.658616187989556;248185675
[W];1145008706778;0;82;4.644787095554002;1149515;1950.8591607847432
[S];1145008706778;6.658616187989556;249286475
[W];1150008258159;0;80;4.635176593714633;1154774;2025.279211268408
[S];1150008258159;6.658616187989556;250412875
[W];1155006253137;0;97;4.612315195762728;1159862;2457.4226349082246
[S];1155006253137;6.658616187989556;251516875
[W];1160004916867;0;103;4.594058549453842;1165203;2481.1817178706942
[S];1160004916867;6.658616187989556;252665675
[W];1165004694567;0;74;4.589907809345514;1170246;1962.1158147830258
[S];1165004694567;6.658616187989556;253756875
[W];1170002773332;0;101;4.592700144263807;1175459;2464.2603663066748
[S];1170002773332;6.658616187989556;254870475
[W];1175003310066;0;99;4.5979966967104495;1180599;2445.7202071773645
[S];1175003310066;6.658616187989556;255971275
[W];1180005719185;0;86;4.645168399034603;1185822;2083.783329587739
[S];1180005719185;6.658616187989556;257100875
[W];1185004076210;0;78;4.659535060968512;1191301;1956.195157826272
[S];1185004076210;6.658616187989556;258262475
[W];1190002408501;0;76;4.6297335920685585;1196721;2031.4683992307807
[S];1190002408501;6.658616187989556;259420875
[W];1195001154164;0;81;4.5900710944435765;1202041;2007.9094207821922
[S];1195001154164;6.658616187989556;260550475
[B];[ - 1 2 1 1 2 2 1 2 1 1 1 1 2 1 1 3 4 3 1 1 3 2 2 1 1 1 2 1 2 1 1 1 1 1 1 1 2 2 1 3 2 3 1 5 1 3 2 3 1 1 7 8 2 ];0;93219;123
