<properties>
file=labs-config-cuda.xml
computation.title = LABS101-GPU-tabu-iter128-cache25
labs.emas.die-energy-threshold = 0
labs.emas.improvement = pl.edu.agh.age.compute.labs.improvement.LabsCrossStepSawSearch
labs.emas.improvement.cache-size = 1000000
labs.emas.improvement.iterations = 128
labs.emas.improvement.use-fast-flip = true
labs.emas.mutation = pl.edu.agh.age.compute.labs.mutation.LabsClassicMutation
labs.emas.mutation.bits-to-mutate-percentage = 0.25
labs.emas.recombination = pl.edu.agh.age.compute.labs.recombination.LabsUniformRecombination
labs.emas.reproduction-predicate = energyAboveThreshold
labs.emas.reproduction-predicate-value = 35
labs.emas.transfer.asexual-energy-transfer = proportional
labs.emas.transfer.asexual-energy-transfer-value = 0.25
labs.emas.transfer.fight-energy-transfer = constant
labs.emas.transfer.fight-energy-transfer-value = 5.0
labs.emas.transfer.sexual-energy-transfer = proportional
labs.emas.transfer.sexual-energy-transfer-value = 0.25
labs.islands.count = 100
labs.migration.part-to-migrate = 0.05
labs.migration.steps-interval = 1000
labs.migration.strategy = HIGHEST_FITNESS_PROBABILISTIC
labs.migration.topology = pl.edu.agh.age.compute.api.topology.UniRingTopology
labs.migration.workplaces.count = 1
labs.population.evaluator = pl.edu.agh.age.compute.labs.cuda.LabsCudaPopulationEvaluatorAsync
labs.population.evaluator.cuda.filepath = ../compute-labs/src/main/resources/pl/edu/agh/age/compute/labs/cuda/tabu.cu
labs.population.initial-energy = 40
labs.population.size = 75
labs.problem.cuda.awaitLimitInMicroS = 50
labs.problem.cuda.cacheSize = 25
labs.problem.cuda.threads = 128
labs.problem.cuda.useCache = true
labs.problem.logging-interval-in-ms = 5000
labs.problem.modify-solution = true
labs.problem.size = 101
labs.problem.stop-condition-in-seconds = 1200
labs.workplaces.count = 1
</properties>
[PD];LABS;101;runLengthFormat
[WH];TIME;WORKPLACE_ID;POPULATION_SIZE;AVERAGE_FITNESS;STEP_NUMBER;ENERGY_SUM
[SH];TIME;BEST_SOLUTION_SO_FAR;FITNESS_EVALUATIONS
[BH];SOLUTION_STRING;SOLUTION_WORKPLACE_ID;SOLUTION_WORKPLACE_STEP_NUMBER;SOLUTION_OCURRANCE_COUNT
[W];5003170626;0;98;4.598372874607834;5079;2460.5126293687736
[S];5003170626;5.944638694638694;1094475
[W];10002025428;0;98;4.595290664864481;10478;2454.0089621934812
[S];10002025428;6.296913580246914;2249675
[W];15000429140;0;99;4.60768052410356;15843;2529.1482883750577
[S];15000429140;6.296913580246914;3398475
[W];20003967070;0;76;4.608023244728003;20914;1974.6076836456664
[S];20003967070;6.296913580246914;4476875
[W];25003868751;0;87;4.625961641949182;26013;2084.8646282564
[S];25003868751;6.296913580246914;5568075
[W];30002554433;0;86;4.609352308901836;30840;2021.350902988212
[S];30002554433;6.296913580246914;6608075
[W];35011393848;0;102;4.617115646066873;35964;2533.4700909088756
[S];35011393848;6.296913580246914;7708875
[W];40010603587;0;73;4.6304032962195665;40703;1983.0867032960946
[S];40010603587;6.296913580246914;8732875
[W];45009286178;0;102;4.586899353820656;45983;2476.627903611309
[S];45009286178;6.296913580246914;9862475
[W];50009357289;0;102;4.564408552416198;51420;2539.3733468686537
[S];50009357289;6.693569553805775;11011275
[W];55006670527;0;73;4.560477617932231;56589;1978.602016447182
[S];55006670527;6.693569553805775;12115275
[W];60007976188;0;92;4.68487006801961;62027;2320.9344835770944
[S];60007976188;6.693569553805775;13264075
[W];65004535031;0;106;4.628985466024748;67272;2491.7329871665274
[S];65004535031;6.693569553805775;14390475
[W];70003690664;0;76;4.608209392871703;72309;1942.606454732538
[S];70003690664;6.693569553805775;15465675
[W];75002551650;0;100;4.581970767831631;77435;2498.70836606304
[S];75002551650;6.693569553805775;16550475
[W];80000793352;0;104;4.597183766771962;82640;2504.9819852665396
[S];80000793352;6.693569553805775;17664075
[W];85004374258;0;80;4.5656248570699125;87964;1985.7762191386814
[S];85004374258;6.693569553805775;18793675
[W];90002939051;0;77;4.6168146963368955;93234;1993.558982187242
[S];90002939051;6.693569553805775;19923275
[W];95002430143;0;85;4.625223633309602;98405;2198.222192207742
[S];95002430143;6.693569553805775;21024075
[W];100000916405;0;81;4.606728604313138;103631;1958.0875063612611
[S];100000916405;6.693569553805775;22144075
[W];105011980359;0;96;4.593902673335175;108756;2462.1218805017716
[S];105011980359;6.693569553805775;23254475
[W];110009395318;0;72;4.5998641576166355;113714;1959.5673599117063
[S];110009395318;6.693569553805775;24329675
[W];115008111299;0;106;4.579138448362139;118999;2506.7461965042726
[S];115008111299;6.693569553805775;25465675
[W];120000851787;0;84;4.591645465744944;124130;2128.355975032173
[S];120000851787;6.693569553805775;26556875
[W];125005948595;0;103;4.584237083781571;129404;2489.5001677377763
[S];125005948595;6.693569553805775;27686475
[W];130007635164;0;91;4.594105592653695;134472;2214.7740479525123
[S];130007635164;6.693569553805775;28784075
[W];135003605949;0;100;4.589634719693763;139586;2502.4133113793355
[S];135003605949;6.693569553805775;29881675
[W];140002326259;0;94;4.596799322293615;144757;2399.417880047961
[S];140002326259;6.693569553805775;31004875
[W];145001152927;0;96;4.581391014032205;149822;2426.3608782772612
[S];145001152927;6.693569553805775;32102475
[W];150004543069;0;83;4.6451984496302385;155127;2059.2720855294906
[S];150004543069;6.693569553805775;33248075
[W];155003540403;0;87;4.624757749856951;159934;2107.364394315107
[S];155003540403;6.693569553805775;34288075
[W];160002302143;0;79;4.607847286198679;165163;1940.5389864541787
[S];160002302143;6.693569553805775;35401675
[W];165000981642;0;79;4.596166232547802;170224;2102.5427206969794
[S];165000981642;6.693569553805775;36505675
[W];170011077249;0;74;4.542290385405166;175673;1928.2544091187717
[S];170011077249;6.693569553805775;37670475
[W];175009892477;0;92;4.625196838413846;180802;2463.6072961652308
[S];175009892477;6.693569553805775;38768075
[W];180009907317;0;102;4.597004921351959;186102;2471.1482525544734
[S];180009907317;6.693569553805775;39904075
[W];185007450275;0;94;4.626694946665019;191370;2444.8431913091863
[S];185007450275;6.693569553805775;41033675
[W];190006205832;0;80;4.5840621195469655;196674;1933.9735831642663
[S];190006205832;6.693569553805775;42160075
[W];195006619822;0;101;4.610442996560938;201729;2421.3735745050462
[S];195006619822;6.693569553805775;43235275
[W];200003901833;0;76;4.60354120395216;206926;1950.9310162166958
[S];200003901833;6.693569553805775;44345675
[W];205002797756;0;99;4.632251460595856;212065;2475.225678087036
[S];205002797756;6.693569553805775;45440075
[W];210001643593;0;95;4.588835555859927;217258;2467.6783288862894
[S];210001643593;6.693569553805775;46560075
[W];215005092789;0;76;4.590882234690253;222371;2053.0621537678303
[S];215005092789;6.693569553805775;47657675
[W];220003719109;0;71;4.606905790209171;227477;1933.0941187305955
[S];220003719109;6.693569553805775;48758475
[W];225003269254;0;73;4.670642149572806;232701;1919.1080556559687
[S];225003269254;6.693569553805775;49859275
[W];230001412018;0;74;4.649850925483303;238021;1937.1336423315217
[S];230001412018;6.693569553805775;51004875
[W];235011210505;0;82;4.607930931961635;243146;1986.9177602959858
[S];235011210505;6.693569553805775;52118475
[W];240010090042;0;100;4.597777555738264;248278;2479.3494643638996
[S];240010090042;6.693569553805775;53219275
[W];245002573293;0;82;4.610260184546791;253475;2108.52931643508
[S];245002573293;6.693569553805775;54345675
[W];250007752652;0;96;4.617487422254452;258813;2407.3178949781495
[S];250007752652;6.693569553805775;55494475
[W];255006468633;0;73;4.613998697141263;264029;1979.5881006699685
[S];255006468633;6.693569553805775;56614475
[W];260005351880;0;101;4.623007089692247;269244;2476.887410838696
[S];260005351880;6.693569553805775;57740875
[W];265006207996;0;93;4.625435123372143;274413;2338.973710590729
[S];265006207996;6.693569553805775;58848075
[W];270004022413;0;78;4.633439479958718;279731;2027.5687689108165
[S];270004022413;6.693569553805775;59968075
[W];275004102181;0;97;4.585435554342405;284848;2312.0678799878815
[S];275004102181;6.693569553805775;61049675
[W];280000600424;0;104;4.590560162502037;290053;2549.1264628162285
[S];280000600424;6.693569553805775;62160075
[W];285004016229;0;77;4.59464926508853;295318;1986.0219655067717
[S];285004016229;6.693569553805775;63292875
[W];290002885563;0;74;4.645618056642901;300460;1916.763609610698
[S];290002885563;6.693569553805775;64403275
[W];295001482820;0;79;4.560668581775101;305165;2049.8833130002913
[S];295001482820;6.693569553805775;65411275
[W];300001198994;0;83;4.606007761131329;310287;2210.003467342588
[S];300001198994;6.693569553805775;66528075
[W];305003881427;0;83;4.63895005925504;315412;2007.1809379356039
[S];305003881427;6.693569553805775;67625675
[W];310009292979;0;101;4.644952518583393;320476;2480.2105455906476
[S];310009292979;6.693569553805775;68726475
[W];315008270217;0;101;4.565575435490999;325664;2512.9483831770744
[S];315008270217;6.693569553805775;69856075
[W];320006997947;0;96;4.6096480499967845;330619;2485.403524573096
[S];320006997947;6.693569553805775;70931275
[W];325005793697;0;76;4.586289272370854;335496;1995.07405070231
[S];325005793697;6.693569553805775;71987275
[W];330004657775;0;76;4.559744338543962;340705;1987.688081410869
[S];330004657775;6.693569553805775;73100875
[W];335003484751;0;95;4.614731682752588;345804;2489.1149494258793
[S];335003484751;6.693569553805775;74176075
[W];340003732712;0;100;4.64109305159828;351158;2462.356081366908
[S];340003732712;6.693569553805775;75312075
[W];345000961854;0;83;4.632214084661401;356520;2009.1823648752645
[S];345000961854;6.693569553805775;76444875
[W];350009484361;0;78;4.578692455270465;361725;2056.7473289291856
[S];350009484361;6.693569553805775;77545675
[W];355004006645;0;69;4.638163542525974;366763;1961.1840965906279
[S];355004006645;6.693569553805775;78636875
[W];360002652443;0;85;4.606699220460122;371952;2244.6642024104826
[S];360002652443;6.693569553805775;79753675
[W];365000764598;0;80;4.60862806840259;377084;1957.8933118147947
[S];365000764598;6.693569553805775;80857675
[W];370010720457;0;98;4.628611116768793;382314;2463.1222855563788
[S];370010720457;6.693569553805775;81968075
[W];375009611433;0;106;4.582673898517901;387390;2598.4111731045946
[S];375009611433;6.693569553805775;83065675
[W];380009522081;0;104;4.596098925468942;392404;2466.902364319072
[S];380009522081;6.693569553805775;84169675
[W];385008230024;0;103;4.637751448385199;397785;2469.990670436463
[S];385008230024;6.693569553805775;85305675
[W];390010090660;0;72;4.625367735120386;403213;1946.4867227082912
[S];390010090660;6.693569553805775;86454475
[W];395006791107;0;95;4.5848099153595365;408689;2451.8168606130685
[S];395006791107;6.693569553805775;87600075
[W];400003836287;0;99;4.631648076079032;413738;2506.271963054112
[S];400003836287;6.693569553805775;88672075
[W];405005255108;0;99;4.596596791137087;418804;2402.6238167020424
[S];405005255108;6.693569553805775;89766475
[W];410002271535;0;106;4.603081519920665;423697;2455.9851017482492
[S];410002271535;6.693569553805775;90825675
[W];415005123707;0;79;4.628914079825095;428525;1992.2859184038564
[S];415005123707;6.693569553805775;91868875
[W];420003487534;0;78;4.622443494836787;433912;2031.94937581013
[S];420003487534;6.693569553805775;92998475
[W];425002325641;0;74;4.600685792783584;439039;1993.0545605784655
[S];425002325641;6.693569553805775;94067275
[W];430001279999;0;75;4.609248415537424;444202;1968.0755796414637
[S];430001279999;6.693569553805775;95174475
[W];435011159490;0;80;4.6374419929165605;449827;1969.657101144827
[S];435011159490;6.693569553805775;96380875
[W];440009888148;0;78;4.656384736745669;455096;1962.3127899202527
[S];440009888148;6.693569553805775;97500875
[W];445008749134;0;78;4.606875908795835;460373;1970.0733831530445
[S];445008749134;6.693569553805775;98624075
[W];450012562543;0;75;4.651618967336615;465567;2067.622895260019
[S];450012562543;6.693569553805775;99744075
[W];455007820362;0;98;4.593446695536794;470811;2331.465631311715
[S];455007820362;6.693569553805775;100851275
[W];460006483783;0;94;4.601261568487375;475970;2398.3667643880053
[S];460006483783;6.693569553805775;101942475
[W];465006576228;0;95;4.590593839229898;481194;2451.716336967315
[S];465006576228;6.693569553805775;103059275
[W];470004054567;0;99;4.6792501183512245;486335;2478.9876866185778
[S];470004054567;6.693569553805775;104160075
[W];475001764173;0;103;4.646525290715206;491434;2522.933490376968
[S];475001764173;6.693569553805775;105264075
[W];480000524367;0;103;4.625516842496862;496754;2485.604875788534
[S];480000524367;6.693569553805775;106400075
[W];485003857621;0;82;4.576360454488346;501945;2047.2674404548852
[S];485003857621;6.693569553805775;107523275
[W];490002619051;0;81;4.621462326049348;507185;2064.2810168955702
[S];490002619051;6.693569553805775;108633675
[W];495002879998;0;71;4.656050122604295;512229;1929.6336928169796
[S];495002879998;6.693569553805775;109731275
[W];500000580946;0;80;4.6246253325637925;517296;1962.4777168665564
[S];500000580946;6.693569553805775;110816075
[W];505010826196;0;106;4.567935718966812;522337;2507.564879247114
[S];505010826196;6.693569553805775;111910475
[W];510008980709;0;101;4.592713683559125;527279;2521.959374668318
[S];510008980709;6.693569553805775;112966475
[W];515007806449;0;100;4.626626069805081;532263;2442.1738213016824
[S];515007806449;6.693569553805775;114048075
[W];520006705464;0;103;4.577645449525823;537420;2528.2348483267147
[S];520006705464;6.693569553805775;115155275
[W];525005466895;0;99;4.579303563167257;542688;2453.919935075845
[S];525005466895;6.693569553805775;116281675
[W];530006843358;0;90;4.6018971765278325;547863;2280.300724446212
[S];530006843358;6.693569553805775;117395275
[W];535003108481;0;73;4.603893739078329;552947;1963.8408195833802
[S];535003108481;6.693569553805775;118492875
[W];540002054491;0;77;4.623119888626917;558080;1994.3422481365192
[S];540002054491;6.693569553805775;119596875
[W];545000787168;0;95;4.575371277503082;563282;2460.930909131665
[S];545000787168;6.693569553805775;120713675
[W];550004305002;0;84;4.619694998484265;568425;2045.7554227867406
[S];550004305002;6.693569553805775;121827275
[W];555003133834;0;77;4.62121703826395;573604;1996.6088174967583
[S];555003133834;6.693569553805775;122931275
[W];560003206490;0;82;4.598685000339853;578831;2062.2109653571642
[S];560003206490;6.693569553805775;124054475
[W];565000620830;0;76;4.597941159348255;583848;1983.928157353221
[S];565000620830;6.693569553805775;125139275
[W];570004214103;0;82;4.667156495136704;588775;2047.4540099239266
[S];570004214103;6.693569553805775;126211275
[W];575009707588;0;75;4.613312876407888;593947;1934.8400749567609
[S];575009707588;6.693569553805775;127328075
[W];580008522816;0;78;4.584774608744373;599096;1950.3289391399464
[S];580008522816;6.693569553805775;128432075
[W];585008897540;0;98;4.600510159626053;604236;2468.0797154843654
[S];585008897540;6.693569553805775;129545675
[W];590006060518;0;105;4.576055111809787;609197;2495.626729791818
[S];590006060518;6.693569553805775;130624075
[W];595005929117;0;98;4.590971842046799;614224;2451.1629065069733
[S];595005929117;6.693569553805775;131715275
[W];600003590799;0;99;4.611311387413628;619304;2528.5526543339442
[S];600003590799;6.693569553805775;132800075
[W];605004218741;0;96;4.616615076812823;624514;2425.75144066059
[S];605004218741;6.693569553805775;133920075
[W];610002939979;0;96;4.608741235475278;629541;2424.1682208805487
[S];610002939979;6.693569553805775;135001675
[W];615005128035;0;88;4.5950960827478875;634637;2244.246772103118
[S];615005128035;6.693569553805775;136096075
[W];620003332635;0;76;4.637485402584422;639724;1954.5138901127182
[S];620003332635;6.693569553805775;137196875
[W];625002005332;0;80;4.614989969343469;644921;1992.3676649106237
[S];625002005332;6.693569553805775;138300875
[W];630000899091;0;79;4.6461040435593945;650012;2006.4140372575387
[S];630000899091;6.693569553805775;139388875
[W];635010837326;0;74;4.561555567686443;654873;1958.9575914858633
[S];635010837326;6.693569553805775;140448075
[W];640009626274;0;102;4.590224337379588;660126;2434.8986133981557
[S];640009626274;6.693569553805775;141564875
[W];645008439647;0;75;4.593884661294634;665376;1976.1229269895325
[S];645008439647;6.693569553805775;142694475
[W];650007415029;0;98;4.609764875304845;670501;2459.2729897968948
[S];650007415029;6.693569553805775;143808075
[W];655008434700;0;95;4.640422431086731;675385;2425.2815237362674
[S];655008434700;6.693569553805775;144886475
[W];660004945001;0;103;4.62335464527381;680523;2483.6797286714664
[S];660004945001;6.693569553805775;145996875
[W];665003641814;0;103;4.626191276708828;685608;2433.32945660806
[S];665003641814;6.693569553805775;147084875
[W];670002602665;0;101;4.5965907395170085;690654;2468.65552796204
[S];670002602665;6.693569553805775;148179275
[W];675001362859;0;102;4.59974914633249;695799;2460.4214956892306
[S];675001362859;6.693569553805775;149283275
[W];680007069058;0;81;4.617178728373961;700739;2202.3582571471757
[S];680007069058;6.693569553805775;150348875
[W];685004324480;0;86;4.632797015642644;705797;2245.8922914967834
[S];685004324480;6.693569553805775;151443275
[W];690002545776;0;80;4.651752846269154;710837;2013.9519784970273
[S];690002545776;6.693569553805775;152524875
[W];695001316173;0;78;4.603492898882522;716233;2004.9297263691315
[S];695001316173;6.693569553805775;153676875
[W];700011307896;0;99;4.592694345635805;721070;2498.1358325059236
[S];700011307896;6.693569553805775;154732875
[W];705011725287;0;100;4.620552613927216;726170;2458.5621400234827
[S];705011725287;6.693569553805775;155827275
[W];710002389950;0;77;4.590028104759696;731153;2035.4305585431578
[S];710002389950;6.693569553805775;156912075
[W];715007946198;0;101;4.63611283447898;736153;2462.5015647878436
[S];715007946198;6.693569553805775;157996875
[W];720006631570;0;97;4.570988967336208;740894;2436.3776966907467
[S];720006631570;6.693569553805775;159046475
[W];725005416499;0;105;4.608992691417687;746115;2510.9449031171703
[S];725005416499;6.693569553805775;160169675
[W];730004133099;0;75;4.5847737693697805;751128;1978.7993288907894
[S];730004133099;6.693569553805775;161248075
[W];735005468132;0;95;4.640126107721425;756315;2441.201736572914
[S];735005468132;6.693569553805775;162371275
[W];740003470838;0;99;4.612482609469031;761259;2373.090297416742
[S];740003470838;6.693569553805775;163440075
[W];745000756250;0;102;4.612382588612889;766339;2486.0897113412793
[S];745000756250;6.693569553805775;164544075
[W];750004112074;0;87;4.575848517266886;771293;2073.9930640185353
[S];750004112074;6.693569553805775;165628875
[W];755002868868;0;85;4.592055388590591;776460;2009.729612473778
[S];755002868868;6.693569553805775;166729675
[W];760001697699;0;80;4.646363049423774;781510;1975.6156914344624
[S];760001697699;6.693569553805775;167827275
[W];765001591960;0;87;4.602732955214049;786604;2256.525718672899
[S];765001591960;6.693569553805775;168931275
[W];770010299356;0;77;4.570281765623344;791453;1956.2824180384848
[S];770010299356;6.693569553805775;169993675
[W];775009253405;0;101;4.61296714853292;796791;2378.858824243582
[S];775009253405;6.693569553805775;171142475
[W];780008041116;0;99;4.580373409766334;801701;2461.3852995317225
[S];780008041116;6.693569553805775;172227275
[W];785006773793;0;97;4.6407728249694395;807021;2474.0616889979556
[S];785006773793;6.693569553805775;173372875
[W];790005692595;0;100;4.57736590346035;812296;2503.5000082487477
[S];790005692595;6.693569553805775;174499275
[W];795004538123;0;80;4.567875116570546;817347;2023.3165902265114
[S];795004538123;6.693569553805775;175590475
[W];800004622219;0;98;4.59089138857203;822434;2495.0948835379477
[S];800004622219;6.693569553805775;176694475
[W];805002101177;0;103;4.599027750203048;827740;2510.033287113767
[S];805002101177;6.693569553805775;177836875
[W];810000904347;0;98;4.587857881035341;832772;2507.619490394877
[S];810000904347;6.693569553805775;178921675
[W];815004809581;0;87;4.617109194856889;837996;2168.428320483931
[S];815004809581;6.693569553805775;180051275
[W];820003924094;0;87;4.644911606613998;843309;2127.7878386668
[S];820003924094;6.693569553805775;181193675
[W];825002961621;0;76;4.624310252013081;848389;1978.8809889225993
[S];825002961621;6.693569553805775;182284875
[W];830000885178;0;82;4.631042165417974;853316;1931.6441492971005
[S];830000885178;6.693569553805775;183363275
[W];835002123438;0;83;4.650591744103125;858385;2058.844748994801
[S];835002123438;6.693569553805775;184467275
[W];840009565675;0;96;4.612930243515019;863505;2470.219772752659
[S];840009565675;6.693569553805775;185577675
[W];845011455374;0;98;4.599118450306394;868416;2460.6993242589356
[S];845011455374;6.693569553805775;186649675
[W];850009884438;0;98;4.635829431998586;873384;2485.2192668736757
[S];850009884438;6.693569553805775;187740875
[W];855004836480;0;79;4.581339586881859;878307;2033.5603957909354
[S];855004836480;6.693569553805775;188816075
[W];860004872035;0;72;4.5827840196355565;883364;2007.4980596760931
[S];860004872035;6.693569553805775;189913675
[W];865003842780;0;100;4.643471033442076;888532;2483.7789900651524
[S];865003842780;6.693569553805775;191033675
[W];870003858548;0;98;4.617476321908533;893541;2418.615803490407
[S];870003858548;6.693569553805775;192124875
[W];875001358839;0;98;4.578135762111327;898815;2442.8548635893044
[S];875001358839;6.693569553805775;193260875
[W];880004513388;0;79;4.56842014833472;904011;2002.090486021338
[S];880004513388;6.693569553805775;194371275
[W];885004223070;0;75;4.62229260309194;908961;1964.6613129170246
[S];885004223070;6.693569553805775;195440075
[W];890002290085;0;79;4.67850976757373;914205;1948.6840173669855
[S];890002290085;6.693569553805775;196566475
[W];895001245062;0;76;4.594659212394315;919276;1947.6983294119314
[S];895001245062;6.693569553805775;197664075
[W];900000718531;0;83;4.641623152439831;924300;2138.8857739688824
[S];900000718531;6.693569553805775;198764875
[W];905009920303;0;101;4.609573463285635;929288;2513.2668005641135
[S];905009920303;6.693569553805775;199840075
[W];910008675859;0;100;4.611716531902927;934207;2500.29698871657
[S];910008675859;6.693569553805775;200905675
[W];915007714932;0;94;4.580260103810937;939205;2435.597811386792
[S];915007714932;6.693569553805775;201987275
[W];920006649194;0;100;4.645815793323518;944436;2529.4346482987635
[S];920006649194;6.693569553805775;203107275
[W];925005076402;0;99;4.613064371637081;949288;2412.3137594383074
[S];925005076402;6.693569553805775;204169675
[W];930003869988;0;101;4.6098461877438535;954367;2456.988359360222
[S];930003869988;6.693569553805775;205260875
[W];935003725910;0;102;4.566475677407345;959583;2448.6487572095357
[S];935003725910;6.693569553805775;206390475
[W];940002763128;0;97;4.585236484834789;964574;2387.690382488151
[S];940002763128;6.693569553805775;207475275
[W];945001247844;0;99;4.608096238044504;970654;2341.9842956096873
[S];945001247844;6.693569553805775;208790475
[W];950006140904;0;77;4.610048436104017;976071;2027.9813753075596
[S];950006140904;6.693569553805775;209974475
[W];955003133524;0;73;4.637442959136446;981261;1905.1880957068413
[S];955003133524;6.693569553805775;211075275
[W];960002148172;0;76;4.646346693625346;986328;1950.6134002108474
[S];960002148172;6.693569553805775;212169675
[W];965000928772;0;76;4.611654059701414;991540;2055.4981599371417
[S];965000928772;6.693569553805775;213286475
[W];970011254408;0;99;4.648392653354181;996519;2474.0082081907576
[S];970011254408;6.693569553805775;214364875
[W];975009903916;0;98;4.600018115945478;1001506;2478.2269575153614
[S];975009903916;6.693569553805775;215456075
[W];980008614642;0;99;4.5856851040573465;1006560;2480.9306155292634
[S];980008614642;6.693569553805775;216547275
[W];985007461097;0;81;4.586902868047936;1011757;2042.311882475332
[S];985007461097;6.693569553805775;217667275
[W];990007626507;0;97;4.602652476465388;1016705;2425.192504769502
[S];990007626507;6.693569553805775;218752075
[W];995005088151;0;102;4.616074996353769;1021959;2471.7097659348497
[S];995005088151;6.693569553805775;219872075
[W];1000003941408;0;101;4.60765938955037;1027097;2501.5146632907563
[S];1000003941408;6.693569553805775;220988875
[W];1005004179475;0;96;4.602122801242665;1032053;2416.8241794811984
[S];1005004179475;6.693569553805775;222060875
[W];1010001447574;0;82;4.614375149954867;1037195;2003.1921317479896
[S];1010001447574;6.693569553805775;223161675
[W];1015001957100;0;93;4.593404757788122;1042251;2393.427400985727
[S];1015001957100;6.693569553805775;224256075
[W];1020003921620;0;80;4.655569777737652;1047421;1972.5533801888407
[S];1020003921620;6.693569553805775;225360075
[W];1025003302954;0;79;4.593318282667526;1052468;1937.7872166173054
[S];1025003302954;6.693569553805775;226448075
[W];1030001572482;0;79;4.587709371045933;1057529;2059.847800738084
[S];1030001572482;6.693569553805775;227539275
[W];1035001203632;0;74;4.598926727137721;1062464;1943.6865210993114
[S];1035001203632;6.693569553805775;228604875
[W];1040010100554;0;79;4.6703752068794895;1067663;1990.5261729058311
[S];1040010100554;6.693569553805775;229728075
[W];1045008869714;0;96;4.6030551248250555;1072785;2458.4458090886114
[S];1045008869714;6.693569553805775;230822475
[W];1050007694836;0;102;4.615046033710937;1077906;2447.1007643225207
[S];1050007694836;6.693569553805775;231916875
[W];1055007384111;0;107;4.559789756302538;1083026;2437.6819588612793
[S];1055007384111;6.693569553805775;233008075
[W];1060005360847;0;102;4.590928158841101;1088302;2461.946081777655
[S];1060005360847;6.693569553805775;234144075
[W];1065004242239;0;99;4.610966361549028;1093364;2499.2919170789473
[S];1065004242239;6.693569553805775;235232075
[W];1070002945235;0;102;4.607705891740772;1098325;2506.6463685073873
[S];1070002945235;6.693569553805775;236291275
[W];1075001861255;0;96;4.560475012739642;1103539;2474.1889414418274
[S];1075001861255;6.693569553805775;237411275
[W];1080000699362;0;77;4.601311077478423;1108449;1993.5879857925843
[S];1080000699362;6.693569553805775;238486475
[W];1085004267591;0;80;4.563498994383546;1113715;2052.0827950282473
[S];1085004267591;6.693569553805775;239622475
[W];1090002963167;0;79;4.673263086409205;1119013;2069.938268128339
[S];1090002963167;6.693569553805775;240752075
[W];1095002611631;0;81;4.520702051100377;1123994;2129.7798967888375
[S];1095002611631;6.693569553805775;241827275
[W];1100000505197;0;81;4.61777731295442;1129100;2080.494302336228
[S];1100000505197;6.693569553805775;242931275
[W];1105010470022;0;79;4.624261925905036;1134144;1966.7816521052798
[S];1105010470022;6.693569553805775;244028875
[W];1110009293598;0;77;4.565405562299943;1139203;1899.1180005138908
[S];1110009293598;6.693569553805775;245126475
[W];1115009878564;0;98;4.586077889848026;1144366;2414.2678186480516
[S];1115009878564;6.693569553805775;246233675
[W];1120006963010;0;103;4.576522499224524;1149639;2476.927853579958
[S];1120006963010;6.693569553805775;247372875
[W];1125008174371;0;94;4.647217326090368;1154589;2433.738778192616
[S];1125008174371;6.693569553805775;248444875
[W];1130004614799;0;103;4.609162307988932;1159741;2499.957106422779
[S];1130004614799;6.693569553805775;249555275
[W];1135003365717;0;81;4.619714986192992;1164852;2030.5487329920852
[S];1135003365717;6.693569553805775;250665675
[W];1140003600693;0;96;4.612527099334119;1169834;2440.532355236014
[S];1140003600693;6.693569553805775;251744075
[W];1145001060173;0;77;4.587536143896957;1174916;1907.3838774927076
[S];1145001060173;6.693569553805775;252848075
[W];1150004508751;0;74;4.5813707498664265;1179916;2023.8749045223972
[S];1150004508751;6.693569553805775;253945675
[W];1155003383959;0;84;4.611929276005046;1185080;2141.218704084811
[S];1155003383959;6.693569553805775;255049675
[W];1160001945660;0;77;4.619591526941052;1190029;2017.0962354669737
[S];1160001945660;6.693569553805775;256128075
[W];1165001414182;0;86;4.616948901866035;1195123;2182.2325977256432
[S];1165001414182;6.693569553805775;257225675
[W];1170010808573;0;105;4.564586085585274;1199862;2491.0186142444472
[S];1170010808573;6.837131367292225;258272075
[W];1175009467665;0;101;4.592791399797815;1204848;2507.307928316013
[S];1175009467665;6.837131367292225;259347275
[W];1180009768496;0;104;4.578758791212906;1209867;2517.8452752051207
[S];1180009768496;6.837131367292225;260435275
[W];1185009066042;0;95;4.631338553923504;1214789;2414.0156625861346
[S];1185009066042;6.837131367292225;261500875
[W];1190005963436;0;103;4.567329673476854;1219865;2445.209114546718
[S];1190005963436;6.837131367292225;262585675
[W];1195005878102;0;95;4.650204806348854;1225025;2461.8154345493685
[S];1195005878102;6.837131367292225;263683275
[B];[ - 27 1 2 2 1 2 2 1 1 2 2 2 2 2 1 3 2 2 1 3 3 3 3 3 1 12 7 4 4 ];0;1198528;315
