<properties>
file=labs-config-cuda.xml
computation.title = LABS101-GPU-tabu-iter128-cache25
labs.emas.die-energy-threshold = 0
labs.emas.improvement = pl.edu.agh.age.compute.labs.improvement.LabsCrossStepSawSearch
labs.emas.improvement.cache-size = 1000000
labs.emas.improvement.iterations = 128
labs.emas.improvement.use-fast-flip = true
labs.emas.mutation = pl.edu.agh.age.compute.labs.mutation.LabsClassicMutation
labs.emas.mutation.bits-to-mutate-percentage = 0.25
labs.emas.recombination = pl.edu.agh.age.compute.labs.recombination.LabsUniformRecombination
labs.emas.reproduction-predicate = energyAboveThreshold
labs.emas.reproduction-predicate-value = 35
labs.emas.transfer.asexual-energy-transfer = proportional
labs.emas.transfer.asexual-energy-transfer-value = 0.25
labs.emas.transfer.fight-energy-transfer = constant
labs.emas.transfer.fight-energy-transfer-value = 5.0
labs.emas.transfer.sexual-energy-transfer = proportional
labs.emas.transfer.sexual-energy-transfer-value = 0.25
labs.islands.count = 100
labs.migration.part-to-migrate = 0.05
labs.migration.steps-interval = 1000
labs.migration.strategy = HIGHEST_FITNESS_PROBABILISTIC
labs.migration.topology = pl.edu.agh.age.compute.api.topology.UniRingTopology
labs.migration.workplaces.count = 1
labs.population.evaluator = pl.edu.agh.age.compute.labs.cuda.LabsCudaPopulationEvaluatorAsync
labs.population.evaluator.cuda.filepath = ../compute-labs/src/main/resources/pl/edu/agh/age/compute/labs/cuda/tabu.cu
labs.population.initial-energy = 40
labs.population.size = 75
labs.problem.cuda.awaitLimitInMicroS = 50
labs.problem.cuda.cacheSize = 25
labs.problem.cuda.threads = 128
labs.problem.cuda.useCache = true
labs.problem.logging-interval-in-ms = 5000
labs.problem.modify-solution = true
labs.problem.size = 101
labs.problem.stop-condition-in-seconds = 1200
labs.workplaces.count = 1
</properties>
[PD];LABS;101;runLengthFormat
[WH];TIME;WORKPLACE_ID;POPULATION_SIZE;AVERAGE_FITNESS;STEP_NUMBER;ENERGY_SUM
[SH];TIME;BEST_SOLUTION_SO_FAR;FITNESS_EVALUATIONS
[BH];SOLUTION_STRING;SOLUTION_WORKPLACE_ID;SOLUTION_WORKPLACE_STEP_NUMBER;SOLUTION_OCURRANCE_COUNT
[W];5006518102;0;97;4.61869061439908;5174;2447.861572730851
[S];5006518102;5.97248243559719;1126475
[W];10005118141;0;80;4.595918299239132;10431;1965.870625595736
[S];10005118141;5.97248243559719;2265675
[W];15003868751;0;101;4.594146912916142;15401;2490.813349541434
[S];15003868751;5.97248243559719;3340875
[W];20002443129;0;85;4.633587361057616;20575;2026.0238983172133
[S];20002443129;6.000588235294118;4454475
[W];25002531244;0;99;4.638628427466559;25627;2459.744955207208
[S];25002531244;6.000588235294118;5548875
[W];30005105465;0;83;4.615925220595693;30677;2095.789600803158
[S];30005105465;6.086515513126492;6646475
[W];35003637176;0;80;4.578913519344606;35469;1984.5557264084305
[S];35003637176;6.086515513126492;7702475
[W];40002551032;0;80;4.60594945283946;40399;2048.9639183908585
[S];40002551032;6.086515513126492;8777675
[W];45002139515;0;82;4.614803436152178;45458;2073.459038729761
[S];45002139515;6.086515513126492;9872075
[W];50010871336;0;98;4.581777209605384;50582;2458.2704841513264
[S];50010871336;6.086515513126492;10979275
[W];55009663684;0;103;4.585772719352318;55578;2462.9444162749082
[S];55009663684;6.086515513126492;12064075
[W];60008755009;0;76;4.620119200915533;60674;1955.0932271052225
[S];60008755009;6.086515513126492;13148875
[W];65008802004;0;101;4.629107703706851;65864;2418.736361578276
[S];65008802004;6.086515513126492;14278475
[W];70006182334;0;95;4.587368823061167;70905;2412.313608468422
[S];70006182334;6.086515513126492;15379275
[W];75005051668;0;105;4.568172629358347;76006;2514.4274176577724
[S];75005051668;6.086515513126492;16467275
[W];80005630450;0;94;4.617033411276429;81092;2374.270981579243
[S];80005630450;6.265970515970516;17574475
[W];85002623070;0;94;4.573143893679732;86278;2486.273967269161
[S];85002623070;6.265970515970516;18684875
[W];90003339746;0;100;4.627503313863785;91347;2455.690538282638
[S];90003339746;6.265970515970516;19785675
[W];95004858122;0;85;4.613449066507636;96499;2132.8412879423527
[S];95004858122;6.265970515970516;20896075
[W];100004039108;0;82;4.655030743854702;101505;2018.659804092787
[S];100004039108;6.265970515970516;21980875
[W];105002534027;0;75;4.625614735044076;106526;1972.723324530922
[S];105002534027;6.265970515970516;23081675
[W];110001165912;0;80;4.647062679520749;111513;2052.0885785149017
[S];110001165912;6.265970515970516;24163275
[W];115011239877;0;101;4.621300053990482;116542;2423.668581509562
[S];115011239877;6.265970515970516;25248075
[W];120012595625;0;100;4.621745975656865;121744;2441.0211442491204
[S];120012595625;6.265970515970516;26371275
[W];125008905269;0;99;4.633921456474609;126719;2480.4211133367585
[S];125008905269;6.265970515970516;27446475
[W];130007673811;0;70;4.572775698325501;131799;1929.440800376647
[S];130007673811;6.265970515970516;28528075
[W];135006773793;0;94;4.655057532248704;136870;2384.966189501852
[S];135006773793;6.265970515970516;29625675
[W];140005371977;0;103;4.6222853633102785;141987;2499.538995468217
[S];140005371977;6.265970515970516;30736075
[W];145004188132;0;106;4.603440240637555;147196;2500.808711660653
[S];145004188132;6.265970515970516;31852875
[W];150003286568;0;103;4.614375383911076;152374;2509.8493752198733
[S];150003286568;6.265970515970516;32956875
[W];155001865583;0;82;4.635180403489211;157424;2007.6752511964546
[S];155001865583;6.265970515970516;34048075
[W];160000713584;0;103;4.60052887049123;162387;2474.624255385137
[S];160000713584;6.265970515970516;35126475
[W];165003927186;0;74;4.647675117382233;167678;1973.3294946836534
[S];165003927186;6.265970515970516;36268875
[W];170002804249;0;81;4.575046675735453;172825;2057.595190665871
[S];170002804249;6.265970515970516;37379275
[W];175001778395;0;73;4.634645496766037;177968;1959.3700314345758
[S];175001778395;6.265970515970516;38480075
[W];180000449236;0;84;4.615992705550558;183045;2131.5407286109084
[S];180000449236;6.265970515970516;39561675
[W];185011624186;0;101;4.582923631286549;188054;2470.9994245295916
[S];185011624186;6.265970515970516;40643275
[W];190009044709;0;96;4.597599712545159;193191;2395.6371394995817
[S];190009044709;6.265970515970516;41756875
[W];195008341019;0;104;4.582894333457724;198244;2460.14383709726
[S];195008341019;6.265970515970516;42854475
[W];200006699280;0;97;4.624400619353735;203472;2440.253367215002
[S];200006699280;6.265970515970516;43980875
[W];205005641581;0;105;4.654023754031517;208641;2502.4721450085867
[S];205005641581;6.265970515970516;45104075
[W];210004477214;0;101;4.607069654340371;213727;2436.53358992458
[S];210004477214;6.296913580246914;46201675
[W];215003204017;0;96;4.579705558663702;218935;2512.8504142651336
[S];215003204017;6.296913580246914;47305675
[W];220001978742;0;76;4.6214402511085675;224073;1977.1919805668883
[S];220001978742;6.296913580246914;48406475
[W];225003624809;0;97;4.600120246344673;229133;2406.655444407252
[S];225003624809;6.296913580246914;49513675
[W];230004482779;0;75;4.564482259510284;234246;1948.8439484326643
[S];230004482779;6.296913580246914;50617675
[W];235003085292;0;78;4.632555359483397;239050;2036.0261076120744
[S];235003085292;6.296913580246914;51667275
[W];240004147939;0;81;4.58239864271019;244034;2073.374628720825
[S];240004147939;6.296913580246914;52745675
[W];245000729352;0;77;4.644737866319607;249061;1978.4410902347415
[S];245000729352;6.296913580246914;53840075
[W];250010698196;0;98;4.601440319891624;254093;2471.388735348677
[S];250010698196;6.296913580246914;54921675
[W];255010649964;0;95;4.621014622418711;259250;2438.1192748582826
[S];255010649964;6.296913580246914;56019275
[W];260008380903;0;76;4.607907262646977;264488;1977.2004510867498
[S];260008380903;6.296913580246914;57148875
[W];265000704927;0;79;4.594410419510486;269613;1963.6583090071244
[S];265000704927;6.296913580246914;58252875
[W];270006020634;0;101;4.572041507442255;274769;2518.2272816358086
[S];270006020634;6.296913580246914;59366475
[W];275004940673;0;101;4.613826640871808;279916;2502.6538727480865
[S];275004940673;6.296913580246914;60480075
[W];280003667166;0;99;4.630692197799349;285140;2441.696781580617
[S];280003667166;6.296913580246914;61600075
[W];285002309254;0;99;4.622485176943943;290353;2421.6280237409337
[S];285002309254;6.296913580246914;62720075
[W];290001290202;0;104;4.58794829152046;295509;2446.0989487594566
[S];290001290202;6.296913580246914;63833675
[W];295005946740;0;86;4.6038915596670735;300549;2162.817339039942
[S];295005946740;6.328163771712159;64931275
[W];300003660055;0;81;4.591607666175419;305562;2106.65078264933
[S];300003660055;6.328163771712159;66019275
[W];305002245563;0;86;4.5949423099517235;310612;2098.8582043896067
[S];305002245563;6.328163771712159;67100875
[W];310001176424;0;84;4.618056040647163;315779;2002.6933913728642
[S];310001176424;6.328163771712159;68214475
[W];315011125790;0;97;4.594033273580612;320665;2437.7083739935388
[S];315011125790;6.328163771712159;69296075
[W];320009850737;0;82;4.646664527890722;325741;2003.9840888953647
[S];320009850737;6.328163771712159;70380875
[W];325010232264;0;96;4.622915482276744;331021;2454.985532474183
[S];325010232264;6.328163771712159;71497675
[W];330007789444;0;96;4.611004184921549;336212;2486.162722466151
[S];330007789444;6.328163771712159;72614475
[W];335006279107;0;106;4.585390731072784;341319;2509.233670856512
[S];335006279107;6.328163771712159;73715275
[W];340006579938;0;97;4.630829806616573;346556;2477.0437603011837
[S];340006579938;6.328163771712159;74844875
[W];345003882355;0;104;4.598186530685281;351609;2491.809224236099
[S];345003882355;6.328163771712159;75936075
[W];350002794046;0;74;4.623662922811696;356927;1955.6551966695629
[S];350002794046;6.328163771712159;77075275
[W];355004210393;0;99;4.589500877066652;361968;2511.0560315327907
[S];355004210393;6.328163771712159;78160075
[W];360005070837;0;75;4.655168041755112;367095;1953.6732463692385
[S];360005070837;6.328163771712159;79264075
[W];365003815572;0;83;4.587333966968723;372142;2013.400696869637
[S];365003815572;6.328163771712159;80355275
[W];370002608539;0;76;4.630306869871738;377354;2022.5549263774892
[S];370002608539;6.328163771712159;81468875
[W];375001328231;0;85;4.596217673549077;382353;1974.980631134597
[S];375001328231;6.328163771712159;82550475
[W];380012337770;0;101;4.589444165897479;387442;2432.6344345639477
[S];380012337770;6.328163771712159;83657675
[W];385012590059;0;95;4.58645546694724;392543;2454.493895342164
[S];385012590059;6.328163771712159;84758475
[W];390008942062;0;103;4.607476336458849;397671;2482.8205340018158
[S];390008942062;6.328163771712159;85865675
[W];395010233191;0;97;4.614824764635296;402570;2388.1390259816217
[S];395010233191;6.328163771712159;86928075
[W];400008152420;0;101;4.587119428908672;407629;2455.0307484019
[S];400008152420;6.328163771712159;88019275
[W];405006962391;0;98;4.612676664499497;412784;2461.0558368434404
[S];405006962391;6.328163771712159;89129675
[W];410004593156;0;97;4.5716799298035715;417861;2505.573527061752
[S];410004593156;6.328163771712159;90230475
[W];415003118065;0;98;4.617666423531553;423073;2485.918539507534
[S];415003118065;6.328163771712159;91350475
[W];420002791573;0;97;4.588356110052878;428247;2475.847456349666
[S];420002791573;6.328163771712159;92464075
[W];425000787787;0;79;4.6088473999033095;433304;1970.174532430398
[S];425000787787;6.391604010025063;93561675
[W];430004608615;0;92;4.59959896087709;438305;2167.907474291181
[S];430004608615;6.391604010025063;94649675
[W];435002931321;0;76;4.634463319696795;443281;1964.9104193659077
[S];435002931321;6.391604010025063;95715275
[W];440001903612;0;79;4.6291918813008275;448488;2030.1237063273236
[S];440001903612;6.391604010025063;96835275
[W];445011503915;0;99;4.608826490004212;453930;2428.6233755348153
[S];445011503915;6.391604010025063;98009675
[W];450010347897;0;79;4.641093871630866;459027;2006.9071403169173
[S];450010347897;6.391604010025063;99116875
[W];455009216921;0;80;4.617236874187894;464075;2015.0357193259485
[S];455009216921;6.391604010025063;100211275
[W];460008143453;0;104;4.626052693558076;469171;2463.659996312845
[S];460008143453;6.391604010025063;101315275
[W];465007011551;0;80;4.609737846545837;474210;1971.5239014048725
[S];465007011551;6.391604010025063;102406475
[W];470005798025;0;95;4.585917970566278;479491;2450.2739671629206
[S];470005798025;6.391604010025063;103542475
[W];475006847995;0;93;4.632917467318508;484536;2406.5627857273576
[S];475006847995;6.391604010025063;104633675
[W];480003353659;0;101;4.55611750653278;489537;2458.3293432853393
[S];480003353659;6.391604010025063;105721675
[W];485003967997;0;94;4.6221952987630015;494542;2378.200890777307
[S];485003967997;6.391604010025063;106800075
[W];490001018743;0;100;4.619524114988671;499825;2474.2722242919995
[S];490001018743;6.391604010025063;107913675
[W];495004254606;0;76;4.602640897735392;504992;1918.403612023054
[S];495004254606;6.391604010025063;109030475
[W];500003828867;0;84;4.6055522766543175;510319;2173.344864152563
[S];500003828867;6.391604010025063;110166475
[W];505002101795;0;79;4.61089286521306;515385;2024.2155521544876
[S];505002101795;6.391604010025063;111264075
[W];510003153930;0;86;4.6193868926711685;520320;2174.037420392538
[S];510003153930;6.391604010025063;112348875
[W];515012214098;0;98;4.578545278554826;525411;2461.1016065333097
[S];515012214098;6.391604010025063;113436875
[W];520009725211;0;105;4.6132520682579345;530385;2485.150491227632
[S];520009725211;6.391604010025063;114524875
[W];525008465927;0;77;4.6141715415017455;535539;1937.6877548702555
[S];525008465927;6.391604010025063;115625675
[W];530000875902;0;81;4.568070847596219;540517;2064.1799698342056
[S];530000875902;6.391604010025063;116710475
[W];535007288266;0;97;4.580766010719064;545476;2415.4653971282287
[S];535007288266;6.391604010025063;117788875
[W];540004998180;0;102;4.637327109274254;550667;2448.3958281857585
[S];540004998180;6.391604010025063;118912075
[W];545004055185;0;98;4.578582471222256;555730;2454.184562360333
[S];545004055185;6.391604010025063;120012875
[W];550004899861;0;89;4.62800045553851;560893;2254.274020634924
[S];550004899861;6.391604010025063;121126475
[W];555001421293;0;96;4.66732848167892;566046;2417.3895246384077
[S];555001421293;6.391604010025063;122236875
[W];560004731977;0;74;4.679856822734511;571029;1908.7475832137904
[S];560004731977;6.391604010025063;123318475
[W];565003582761;0;80;4.600724486000213;576253;1975.8880593630192
[S];565003582761;6.391604010025063;124444875
[W];570002434472;0;82;4.559781341254453;581349;2138.4741785871834
[S];570002434472;6.391604010025063;125555275
[W];575000993390;0;85;4.60942075496567;586424;2064.9151734677544
[S];575000993390;6.391604010025063;126656075
[W];580002329660;0;81;4.642925041563082;591731;2100.237483279706
[S];580002329660;6.391604010025063;127795275
[W];585003709833;0;87;4.643442408106421;596729;2103.674729018985
[S];585003709833;6.391604010025063;128876875
[W];590009286796;0;75;4.62252304184192;601950;1936.7494665116812
[S];590009286796;6.391604010025063;129996875
[W];595007538391;0;77;4.56691318387432;607145;2028.5064257430117
[S];595007538391;6.391604010025063;131113675
[W];600006827280;0;103;4.598470905121288;612364;2508.293416004709
[S];600006827280;6.391604010025063;132243275
[W];605005258508;0;77;4.624604823822794;617429;2003.527580655378
[S];605005258508;6.423803526448363;133347275
[W];610005948904;0;97;4.6137124385939545;622433;2376.4933289241553
[S];610005948904;6.423803526448363;134444875
[W];615004714354;0;104;4.589826065576483;627483;2422.2621264411605
[S];615004714354;6.423803526448363;135536075
[W];620001912578;0;100;4.628325400303232;632593;2470.2415722592787
[S];620001912578;6.423803526448363;136640075
[W];625000470260;0;98;4.621868147594922;637702;2406.717885461353
[S];625000470260;6.423803526448363;137734475
[W];630003785582;0;82;4.610601331799284;642843;2121.689031124956
[S];630003785582;6.423803526448363;138854475
[W];635003731166;0;86;4.58941120980158;647937;2153.806976371193
[S];635003731166;6.423803526448363;139945675
[W];640001719651;0;76;4.594982293388336;652790;2009.7342740416075
[S];640001719651;6.423803526448363;140995275
[W];645012352919;0;102;4.662663253104719;657778;2448.264763943287
[S];645012352919;6.423803526448363;142073675
[W];650010346660;0;101;4.596600283609095;662824;2459.3383479846725
[S];650010346660;6.423803526448363;143161675
[W];655009193115;0;101;4.594757616407087;668004;2497.835699248427
[S];655009193115;6.423803526448363;144272075
[W];660007923937;0;101;4.5939177908683355;673251;2493.5307629689196
[S];660007923937;6.423803526448363;145388875
[W];665006821715;0;107;4.59691202288286;678296;2460.969147880908
[S];665006821715;6.423803526448363;146486475
[W];670005521929;0;101;4.575329236320037;683359;2508.4277127537707
[S];670005521929;6.423803526448363;147584075
[W];675004418470;0;82;4.624643822102721;688544;2020.7515693558673
[S];675004418470;6.423803526448363;148707275
[W];680003262761;0;103;4.591068708895786;693750;2500.7334438359717
[S];680003262761;6.589793281653747;149814475
[W];685002174143;0;97;4.570010750622291;698901;2521.2061068552857
[S];685002174143;6.589793281653747;150918475
[W];690000980096;0;95;4.6066921167229795;703921;2459.0011846005036
[S];690000980096;6.589793281653747;152006475
[W];695004334992;0;83;4.642536930763346;709164;2032.9156923761057
[S];695004334992;6.589793281653747;153132875
[W];700003904306;0;78;4.612283798339565;714244;1924.7752787422698
[S];700003904306;6.589793281653747;154236875
[W];705001690279;0;104;4.595877345089571;719415;2505.922443029277
[S];705001690279;6.589793281653747;155344075
[W];710000789951;0;77;4.594672010822843;724659;1967.6278328743044
[S];710000789951;6.589793281653747;156473675
[W];715010475896;0;105;4.568908774958959;729640;2506.44074783096
[S];715010475896;6.589793281653747;157552075
[W];720009521153;0;81;4.613552113084469;734916;1990.3224505267208
[S];720009521153;6.589793281653747;158684875
[W];725008294951;0;99;4.636813933089808;740078;2461.251346628989
[S];725008294951;6.589793281653747;159788875
[W];730007018662;0;101;4.607230270850009;745440;2368.5589234517315
[S];730007018662;6.589793281653747;160937675
[W];735005783494;0;99;4.601509494178414;750485;2407.5672782963593
[S];735005783494;6.589793281653747;162025675
[W];740004687146;0;108;4.59426255819455;755735;2491.704895871942
[S];740004687146;6.589793281653747;163148875
[W];745004373949;0;101;4.61903915455533;760875;2347.735538094698
[S];745004373949;6.589793281653747;164262475
[W];750002268443;0;100;4.554807240132205;765958;2424.415204689172
[S];750002268443;6.589793281653747;165350475
[W];755002360269;0;100;4.585168315202478;771069;2506.0282255684756
[S];755002360269;6.589793281653747;166457675
[W];760005169774;0;80;4.613973035578654;776088;2101.6324331481273
[S];760005169774;6.589793281653747;167548875
[W];765003405292;0;79;4.612178910871131;781257;2047.260778887536
[S];765003405292;6.589793281653747;168652875
[W];770002065003;0;85;4.608845023807656;786490;2042.2689774599028
[S];770002065003;6.589793281653747;169779275
[W];775001091709;0;83;4.619360884137174;791546;2097.5220175558015
[S];775001091709;6.589793281653747;170860875
[W];780010983877;0;101;4.589813737145788;796596;2456.500648940186
[S];780010983877;6.589793281653747;171948875
[W];785003306046;0;85;4.594136550712821;801721;2032.6271424853567
[S];785003306046;6.589793281653747;173059275
[W];790008628245;0;100;4.605011317813128;806945;2471.791626565183
[S];790008628245;6.589793281653747;174169675
[W];795007325676;0;100;4.580110332789147;812238;2492.2498393845603
[S];795007325676;6.589793281653747;175312075
[W];800008917946;0;99;4.574237014409253;817321;2462.8831529561967
[S];800008917946;6.589793281653747;176419275
[W];805006499551;0;99;4.604857167008865;822301;2452.7395087097043
[S];805006499551;6.589793281653747;177500875
[W];810003940171;0;99;4.5768096728698495;827261;2479.2177193578477
[S];810003940171;6.589793281653747;178566475
[W];815003630374;0;102;4.600581447140543;832322;2409.4259422348623
[S];815003630374;6.589793281653747;179651275
[W];820002918645;0;100;4.562471405534756;837408;2481.698402193313
[S];820002918645;6.589793281653747;180748875
[W];825005818122;0;82;4.592116224181351;842381;2106.2583489257727
[S];825005818122;6.589793281653747;181836875
[W];830003833195;0;74;4.649074214805599;847612;2037.1098084298567
[S];830003833195;6.589793281653747;182947275
[W];835002487959;0;76;4.596075023211472;852654;2014.1981026105461
[S];835002487959;6.589793281653747;184035275
[W];840002495998;0;93;4.601590435253882;857724;2175.215535664983
[S];840002495998;6.589793281653747;185142475
[W];845011264302;0;79;4.579014523935675;862965;1965.0828442024028
[S];845011264302;6.589793281653747;186259275
[W];850010117249;0;80;4.652169201327419;868212;1966.6169988857707
[S];850010117249;6.589793281653747;187388875
[W];855008955356;0;105;4.623691501669242;873416;2517.595663648966
[S];855008955356;6.589793281653747;188492875
[W];860007616613;0;71;4.602307035360501;878524;1943.167917946063
[S];860007616613;6.589793281653747;189593675
[W];865006642082;0;100;4.615725256241257;883599;2462.0460480386896
[S];865006642082;6.589793281653747;190688075
[W];870005429793;0;102;4.646678399190224;888675;2456.2002667749193
[S];870005429793;6.589793281653747;191782475
[W];875004290161;0;101;4.605013725638091;893907;2428.2988362796564
[S];875004290161;6.589793281653747;192908875
[W];880003057466;0;76;4.605156499646277;898935;2013.7876227699035
[S];880003057466;6.589793281653747;193996875
[W];885002142298;0;103;4.5654974317899635;904274;2527.882642174081
[S];885002142298;6.589793281653747;195126475
[W];890000677101;0;99;4.609992232455786;909188;2509.1263380116093
[S];890000677101;6.589793281653747;196192075
[W];895003970780;0;79;4.592561050123203;914301;2018.925082026741
[S];895003970780;6.589793281653747;197292875
[W];900004111765;0;89;4.565012924562876;919263;2236.6058830022257
[S];900004111765;6.589793281653747;198368075
[W];905001673274;0;76;4.6264468624624415;924328;2002.318375236839
[S];905001673274;6.589793281653747;199459275
[W];910000575381;0;85;4.568830018409064;929599;2010.7271883948606
[S];910000575381;6.589793281653747;200588875
[W];915004620673;0;81;4.5733632399999555;934728;2065.5122122315
[S];915004620673;6.589793281653747;201696075
[W];920011399722;0;89;4.582848241118294;939917;2401.99165452106
[S];920011399722;6.589793281653747;202812875
[W];925008090893;0;73;4.629900815334;945113;1978.1887915878451
[S];925008090893;6.589793281653747;203926475
[W];930007935995;0;96;4.574173229119237;950069;2452.7268744641583
[S];930007935995;6.589793281653747;205011275
[W];935005723822;0;96;4.623733805267137;955258;2481.6350256264077
[S];935005723822;6.589793281653747;206124875
[W];940004662103;0;106;4.593154468955619;960344;2504.470034377432
[S];940004662103;6.589793281653747;207212875
[W];945004364982;0;103;4.596810618425299;965430;2504.707029262631
[S];945004364982;6.589793281653747;208300875
[W];950002213100;0;94;4.594124445399743;970661;2471.9618098816222
[S];950002213100;6.589793281653747;209414475
[W];955002042742;0;97;4.609404310469071;975758;2431.5469085129403
[S];955002042742;6.589793281653747;210515275
[W];960004390026;0;76;4.603460775112205;980952;1993.0132392199469
[S];960004390026;6.589793281653747;211644875
[W];965003162587;0;79;4.64156220332412;986053;1959.339112519232
[S];965003162587;6.589793281653747;212748875
[W];970002020172;0;77;4.5634973248192745;991284;2106.9043576974377
[S];970002020172;6.589793281653747;213862475
[W];975003097660;0;79;4.588380824929203;996271;2107.870073989938
[S];975003097660;6.589793281653747;214937675
[W];980010698196;0;75;4.5885924644702865;1001294;1961.3782542300974
[S];980010698196;6.589793281653747;216028875
[W];985009532284;0;92;4.59508673641731;1006470;2460.56437592376
[S];985009532284;6.589793281653747;217136075
[W];990008260941;0;99;4.592882987119803;1011601;2474.5370710254874
[S];990008260941;6.589793281653747;218243275
[W];995008140671;0;94;4.598974642867774;1018311;2444.9798652150866
[S];995008140671;6.873989218328841;219670475
[W];1000008129850;0;102;4.55084706771908;1023429;2439.790171850008
[S];1000008129850;6.873989218328841;220780875
[W];1005005783184;0;78;4.636768199823713;1028758;1973.9475257928812
[S];1005005783184;6.873989218328841;221920075
[W];1010008668129;0;75;4.611717606810973;1033811;1949.6217033407968
[S];1010008668129;6.873989218328841;223008075
[W];1015003298316;0;73;4.629765498896246;1038895;1996.0137060888305
[S];1015003298316;6.873989218328841;224092875
[W];1020002148481;0;100;4.63147763964336;1043693;2463.469837563426
[S];1020002148481;6.873989218328841;225139275
[W];1025001028327;0;96;4.580280144486172;1048574;2430.100470779947
[S];1025001028327;6.873989218328841;226201675
[W];1030006273851;0;88;4.555657063272381;1053804;2203.0291042680888
[S];1030006273851;6.873989218328841;227324875
[W];1035003281312;0;81;4.612455258017227;1058904;1989.1464486149903
[S];1035003281312;6.873989218328841;228435275
[W];1040002146626;0;80;4.581008786202835;1064064;1988.5943588477348
[S];1040002146626;6.873989218328841;229548875
[W];1045000812830;0;75;4.626228412868009;1069104;2008.7879391493254
[S];1045000812830;6.873989218328841;230643275
[W];1050010851239;0;101;4.617303131009593;1074307;2507.36698652698
[S];1050010851239;6.873989218328841;231772875
[W];1055009463028;0;98;4.545623361482983;1079590;2450.257799836104
[S];1055009463028;6.873989218328841;232905675
[W];1060008521579;0;104;4.596264495246824;1084567;2494.9527243195344
[S];1060008521579;6.873989218328841;233980875
[W];1065007366488;0;95;4.586201594080296;1089702;2513.4883482918444
[S];1065007366488;6.873989218328841;235075275
[W];1070006557368;0;102;4.590606432767206;1094659;2473.8213208451725
[S];1070006557368;6.873989218328841;236153675
[W];1075007263841;0;97;4.621675353483438;1099718;2458.2403674885873
[S];1075007263841;6.873989218328841;237248075
[W];1080005073310;0;98;4.589767927334633;1104802;2432.8084249630006
[S];1080005073310;6.873989218328841;238342475
[W];1085003738896;0;98;4.598917010327573;1109939;2404.6392218290744
[S];1085003738896;6.873989218328841;239449675
[W];1090001420057;0;80;4.563158278750507;1114997;1973.553691711393
[S];1090001420057;6.873989218328841;240544075
[W];1095004613871;0;75;4.587374041618279;1120096;1993.1695017314778
[S];1095004613871;6.873989218328841;241635275
[W];1100004491746;0;78;4.590046308504462;1125081;2074.498853621415
[S];1100004491746;6.873989218328841;242720075
[W];1105002527843;0;81;4.6145739934051155;1130006;2069.3023789563404
[S];1105002527843;6.873989218328841;243798475
[W];1110001145506;0;83;4.573065721676322;1135198;2159.716786079714
[S];1110001145506;6.873989218328841;244915275
[W];1115001265777;0;80;4.6056966478521;1140422;2085.894491001532
[S];1115001265777;6.873989218328841;246048075
[W];1120009843317;0;93;4.631218901311064;1145612;2466.91388113944
[S];1120009843317;6.873989218328841;247164875
[W];1125013304262;0;101;4.599246614446204;1150965;2442.2910817732923
[S];1125013304262;6.873989218328841;248304075
[W];1130007473773;0;77;4.640547463547586;1155996;2009.5871718154206
[S];1130007473773;6.873989218328841;249385675
[W];1135006265194;0;99;4.655561153685568;1161317;2469.8878748209218
[S];1135006265194;6.873989218328841;250528075
[W];1140005120615;0;99;4.564382603930428;1166475;2500.49265179566
[S];1140005120615;6.873989218328841;251638475
[W];1145004006335;0;99;4.62191523220851;1171581;2470.9961053272996
[S];1145004006335;6.873989218328841;252726475
[W];1150002766838;0;96;4.5708672643886095;1176593;2530.9023365101975
[S];1150002766838;6.873989218328841;253801675
[W];1155001617931;0;95;4.634785210077746;1181726;2430.417633623166
[S];1155001617931;6.873989218328841;254908875
[W];1160000446144;0;79;4.5687909864421705;1187096;2023.4794913086857
[S];1160000446144;6.873989218328841;256057675
[W];1165004776808;0;77;4.627252957124596;1192189;2064.097992100035
[S];1165004776808;6.873989218328841;257164875
[W];1170002746123;0;83;4.607323817894865;1197189;2069.7883184361667
[S];1170002746123;6.873989218328841;258246475
[W];1175001508173;0;83;4.587784696160526;1202285;2035.105316141671
[S];1175001508173;6.873989218328841;259344075
[W];1180011561113;0;95;4.611941021694352;1207352;2487.7186061129464
[S];1180011561113;6.873989218328841;260444875
[W];1185010501249;0;81;4.629768182830551;1212510;1935.818943147105
[S];1185010501249;6.873989218328841;261555275
[W];1190011133519;0;95;4.59545665053975;1217657;2452.8639453164774
[S];1190011133519;6.873989218328841;262652875
[W];1195008184265;0;100;4.604676157188093;1222649;2513.759043690988
[S];1195008184265;6.873989218328841;263737675
[B];[ - 28 1 1 1 3 2 2 2 1 1 2 2 1 1 2 1 1 2 1 1 1 1 1 2 1 1 3 3 1 1 5 4 1 1 6 1 1 11 ];0;1016406;193
